c:\users\xmigglex\documents\visual studio 2013\projects\rnet\rnet\debug\vc120.pdb
c:\users\xmigglex\documents\visual studio 2013\projects\rnet\rnet\debug\vc120.idb
c:\users\xmigglex\documents\visual studio 2013\projects\rnet\rnet\debug\stringcompressor.obj
c:\users\xmigglex\documents\visual studio 2013\projects\rnet\rnet\debug\stringtable.obj
c:\users\xmigglex\documents\visual studio 2013\projects\rnet\rnet\debug\superfasthash.obj
c:\users\xmigglex\documents\visual studio 2013\projects\rnet\rnet\debug\tableserializer.obj
c:\users\xmigglex\documents\visual studio 2013\projects\rnet\rnet\debug\tcpinterface.obj
c:\users\xmigglex\documents\visual studio 2013\projects\rnet\rnet\debug\teambalancer.obj
c:\users\xmigglex\documents\visual studio 2013\projects\rnet\rnet\debug\teammanager.obj
c:\users\xmigglex\documents\visual studio 2013\projects\rnet\rnet\debug\telnettransport.obj
c:\users\xmigglex\documents\visual studio 2013\projects\rnet\rnet\debug\threadsafepacketlogger.obj
c:\users\xmigglex\documents\visual studio 2013\projects\rnet\rnet\debug\twowayauthentication.obj
c:\users\xmigglex\documents\visual studio 2013\projects\rnet\rnet\debug\udpforwarder.obj
c:\users\xmigglex\documents\visual studio 2013\projects\rnet\rnet\debug\udpproxyclient.obj
c:\users\xmigglex\documents\visual studio 2013\projects\rnet\rnet\debug\udpproxycoordinator.obj
c:\users\xmigglex\documents\visual studio 2013\projects\rnet\rnet\debug\udpproxyserver.obj
c:\users\xmigglex\documents\visual studio 2013\projects\rnet\rnet\debug\variabledeltaserializer.obj
c:\users\xmigglex\documents\visual studio 2013\projects\rnet\rnet\debug\variablelistdeltatracker.obj
c:\users\xmigglex\documents\visual studio 2013\projects\rnet\rnet\debug\variadicsqlparser.obj
c:\users\xmigglex\documents\visual studio 2013\projects\rnet\rnet\debug\vitaincludes.obj
c:\users\xmigglex\documents\visual studio 2013\projects\rnet\rnet\debug\wsastartupsingleton.obj
c:\users\xmigglex\documents\visual studio 2013\projects\rnet\rnet\debug\_findfirst.obj
c:\users\xmigglex\documents\visual studio 2013\projects\rnet\rnet\debug\raknettypes.obj
c:\users\xmigglex\documents\visual studio 2013\projects\rnet\rnet\debug\rakpeer.obj
c:\users\xmigglex\documents\visual studio 2013\projects\rnet\rnet\debug\raksleep.obj
c:\users\xmigglex\documents\visual studio 2013\projects\rnet\rnet\debug\rakstring.obj
c:\users\xmigglex\documents\visual studio 2013\projects\rnet\rnet\debug\rakthread.obj
c:\users\xmigglex\documents\visual studio 2013\projects\rnet\rnet\debug\rakwstring.obj
c:\users\xmigglex\documents\visual studio 2013\projects\rnet\rnet\debug\rand.obj
c:\users\xmigglex\documents\visual studio 2013\projects\rnet\rnet\debug\randsync.obj
c:\users\xmigglex\documents\visual studio 2013\projects\rnet\rnet\debug\readyevent.obj
c:\users\xmigglex\documents\visual studio 2013\projects\rnet\rnet\debug\relayplugin.obj
c:\users\xmigglex\documents\visual studio 2013\projects\rnet\rnet\debug\reliabilitylayer.obj
c:\users\xmigglex\documents\visual studio 2013\projects\rnet\rnet\debug\replicamanager3.obj
c:\users\xmigglex\documents\visual studio 2013\projects\rnet\rnet\debug\router2.obj
c:\users\xmigglex\documents\visual studio 2013\projects\rnet\rnet\debug\rpc4plugin.obj
c:\users\xmigglex\documents\visual studio 2013\projects\rnet\rnet\debug\securehandshake.obj
c:\users\xmigglex\documents\visual studio 2013\projects\rnet\rnet\debug\sendtothread.obj
c:\users\xmigglex\documents\visual studio 2013\projects\rnet\rnet\debug\signaledevent.obj
c:\users\xmigglex\documents\visual studio 2013\projects\rnet\rnet\debug\simplemutex.obj
c:\users\xmigglex\documents\visual studio 2013\projects\rnet\rnet\debug\socketlayer.obj
c:\users\xmigglex\documents\visual studio 2013\projects\rnet\rnet\debug\statisticshistory.obj
c:\users\xmigglex\documents\visual studio 2013\projects\rnet\rnet\debug\packetoutputwindowlogger.obj
c:\users\xmigglex\documents\visual studio 2013\projects\rnet\rnet\debug\plugininterface2.obj
c:\users\xmigglex\documents\visual studio 2013\projects\rnet\rnet\debug\ps4includes.obj
c:\users\xmigglex\documents\visual studio 2013\projects\rnet\rnet\debug\rackspace.obj
c:\users\xmigglex\documents\visual studio 2013\projects\rnet\rnet\debug\rakmemoryoverride.obj
c:\users\xmigglex\documents\visual studio 2013\projects\rnet\rnet\debug\raknetcommandparser.obj
c:\users\xmigglex\documents\visual studio 2013\projects\rnet\rnet\debug\raknetsocket.obj
c:\users\xmigglex\documents\visual studio 2013\projects\rnet\rnet\debug\raknetsocket2.obj
c:\users\xmigglex\documents\visual studio 2013\projects\rnet\rnet\debug\raknetsocket2_360_720.obj
c:\users\xmigglex\documents\visual studio 2013\projects\rnet\rnet\debug\raknetsocket2_berkley.obj
c:\users\xmigglex\documents\visual studio 2013\projects\rnet\rnet\debug\raknetsocket2_berkley_nativeclient.obj
c:\users\xmigglex\documents\visual studio 2013\projects\rnet\rnet\debug\raknetsocket2_nativeclient.obj
c:\users\xmigglex\documents\visual studio 2013\projects\rnet\rnet\debug\raknetsocket2_ps3_ps4.obj
c:\users\xmigglex\documents\visual studio 2013\projects\rnet\rnet\debug\raknetsocket2_ps4.obj
c:\users\xmigglex\documents\visual studio 2013\projects\rnet\rnet\debug\raknetsocket2_vita.obj
c:\users\xmigglex\documents\visual studio 2013\projects\rnet\rnet\debug\raknetsocket2_windowsstore8.obj
c:\users\xmigglex\documents\visual studio 2013\projects\rnet\rnet\debug\raknetsocket2_windows_linux.obj
c:\users\xmigglex\documents\visual studio 2013\projects\rnet\rnet\debug\raknetsocket2_windows_linux_360.obj
c:\users\xmigglex\documents\visual studio 2013\projects\rnet\rnet\debug\raknetstatistics.obj
c:\users\xmigglex\documents\visual studio 2013\projects\rnet\rnet\debug\raknettransport2.obj
c:\users\xmigglex\documents\visual studio 2013\projects\rnet\rnet\debug\gridsectorizer.obj
c:\users\xmigglex\documents\visual studio 2013\projects\rnet\rnet\debug\httpconnection.obj
c:\users\xmigglex\documents\visual studio 2013\projects\rnet\rnet\debug\httpconnection2.obj
c:\users\xmigglex\documents\visual studio 2013\projects\rnet\rnet\debug\incrementalreadinterface.obj
c:\users\xmigglex\documents\visual studio 2013\projects\rnet\rnet\debug\itoa.obj
c:\users\xmigglex\documents\visual studio 2013\projects\rnet\rnet\debug\linuxstrings.obj
c:\users\xmigglex\documents\visual studio 2013\projects\rnet\rnet\debug\locklesstypes.obj
c:\users\xmigglex\documents\visual studio 2013\projects\rnet\rnet\debug\logcommandparser.obj
c:\users\xmigglex\documents\visual studio 2013\projects\rnet\rnet\debug\messagefilter.obj
c:\users\xmigglex\documents\visual studio 2013\projects\rnet\rnet\debug\natpunchthroughclient.obj
c:\users\xmigglex\documents\visual studio 2013\projects\rnet\rnet\debug\natpunchthroughserver.obj
c:\users\xmigglex\documents\visual studio 2013\projects\rnet\rnet\debug\nattypedetectionclient.obj
c:\users\xmigglex\documents\visual studio 2013\projects\rnet\rnet\debug\nattypedetectioncommon.obj
c:\users\xmigglex\documents\visual studio 2013\projects\rnet\rnet\debug\nattypedetectionserver.obj
c:\users\xmigglex\documents\visual studio 2013\projects\rnet\rnet\debug\networkidmanager.obj
c:\users\xmigglex\documents\visual studio 2013\projects\rnet\rnet\debug\networkidobject.obj
c:\users\xmigglex\documents\visual studio 2013\projects\rnet\rnet\debug\packetconsolelogger.obj
c:\users\xmigglex\documents\visual studio 2013\projects\rnet\rnet\debug\packetfilelogger.obj
c:\users\xmigglex\documents\visual studio 2013\projects\rnet\rnet\debug\packetizedtcp.obj
c:\users\xmigglex\documents\visual studio 2013\projects\rnet\rnet\debug\packetlogger.obj
c:\users\xmigglex\documents\visual studio 2013\projects\rnet\rnet\debug\consoleserver.obj
c:\users\xmigglex\documents\visual studio 2013\projects\rnet\rnet\debug\datacompressor.obj
c:\users\xmigglex\documents\visual studio 2013\projects\rnet\rnet\debug\directorydeltatransfer.obj
c:\users\xmigglex\documents\visual studio 2013\projects\rnet\rnet\debug\dr_sha1.obj
c:\users\xmigglex\documents\visual studio 2013\projects\rnet\rnet\debug\ds_bytepool.obj
c:\users\xmigglex\documents\visual studio 2013\projects\rnet\rnet\debug\ds_bytequeue.obj
c:\users\xmigglex\documents\visual studio 2013\projects\rnet\rnet\debug\ds_huffmanencodingtree.obj
c:\users\xmigglex\documents\visual studio 2013\projects\rnet\rnet\debug\ds_table.obj
c:\users\xmigglex\documents\visual studio 2013\projects\rnet\rnet\debug\dyndns.obj
c:\users\xmigglex\documents\visual studio 2013\projects\rnet\rnet\debug\emailsender.obj
c:\users\xmigglex\documents\visual studio 2013\projects\rnet\rnet\debug\epochtimetostring.obj
c:\users\xmigglex\documents\visual studio 2013\projects\rnet\rnet\debug\filelist.obj
c:\users\xmigglex\documents\visual studio 2013\projects\rnet\rnet\debug\filelisttransfer.obj
c:\users\xmigglex\documents\visual studio 2013\projects\rnet\rnet\debug\fileoperations.obj
c:\users\xmigglex\documents\visual studio 2013\projects\rnet\rnet\debug\formatstring.obj
c:\users\xmigglex\documents\visual studio 2013\projects\rnet\rnet\debug\fullyconnectedmesh2.obj
c:\users\xmigglex\documents\visual studio 2013\projects\rnet\rnet\debug\getche.obj
c:\users\xmigglex\documents\visual studio 2013\projects\rnet\rnet\debug\gets.obj
c:\users\xmigglex\documents\visual studio 2013\projects\rnet\rnet\debug\gettime.obj
c:\users\xmigglex\documents\visual studio 2013\projects\rnet\rnet\debug\gettimeofday.obj
c:\users\xmigglex\documents\visual studio 2013\projects\rnet\rnet\debug\base64encoder.obj
c:\users\xmigglex\documents\visual studio 2013\projects\rnet\rnet\debug\bitstream.obj
c:\users\xmigglex\documents\visual studio 2013\projects\rnet\rnet\debug\ccraknetslidingwindow.obj
c:\users\xmigglex\documents\visual studio 2013\projects\rnet\rnet\debug\ccraknetudt.obj
c:\users\xmigglex\documents\visual studio 2013\projects\rnet\rnet\debug\checksum.obj
c:\users\xmigglex\documents\visual studio 2013\projects\rnet\rnet\debug\cloudclient.obj
c:\users\xmigglex\documents\visual studio 2013\projects\rnet\rnet\debug\cloudcommon.obj
c:\users\xmigglex\documents\visual studio 2013\projects\rnet\rnet\debug\cloudserver.obj
c:\users\xmigglex\documents\visual studio 2013\projects\rnet\rnet\debug\commandparserinterface.obj
c:\users\xmigglex\documents\visual studio 2013\projects\rnet\rnet\debug\connectiongraph2.obj
c:\users\xmigglex\documents\visual studio 2013\projects\rnet\rnet\debug\main.obj
c:\users\xmigglex\documents\visual studio 2013\projects\rnet\debug\rnet.pdb
c:\users\xmigglex\documents\visual studio 2013\projects\rnet\rnet\debug\rnet.tlog\cl.command.1.tlog
c:\users\xmigglex\documents\visual studio 2013\projects\rnet\rnet\debug\rnet.tlog\cl.read.1.tlog
c:\users\xmigglex\documents\visual studio 2013\projects\rnet\rnet\debug\rnet.tlog\cl.write.1.tlog
c:\users\xmigglex\documents\visual studio 2013\projects\rnet\rnet\debug\rnet.tlog\link-cvtres.read.1.tlog
c:\users\xmigglex\documents\visual studio 2013\projects\rnet\rnet\debug\rnet.tlog\link-cvtres.write.1.tlog
c:\users\xmigglex\documents\visual studio 2013\projects\rnet\rnet\debug\rnet.tlog\link-rc.read.1.tlog
c:\users\xmigglex\documents\visual studio 2013\projects\rnet\rnet\debug\rnet.tlog\link-rc.write.1.tlog
c:\users\xmigglex\documents\visual studio 2013\projects\rnet\rnet\debug\rnet.tlog\link.command.1.tlog
c:\users\xmigglex\documents\visual studio 2013\projects\rnet\rnet\debug\rnet.tlog\link.read.1.tlog
c:\users\xmigglex\documents\visual studio 2013\projects\rnet\rnet\debug\rnet.tlog\link.write.1.tlog
